August 7, 2015, 4:14 pm 700626229(Abhijith Setty) dropped from Section Id: 4
August 7, 2015, 4:15 pm 700626229(Abhijith Setty) enrolled in Section Id: 5
August 7, 2015, 4:15 pm 700626229(Abhijith Setty) dropped from Section Id: 5
August 7, 2015, 4:16 pm 700626229(Abhijith Setty) enrolled in Section Id: 6
August 7, 2015, 4:21 pm 700626229(Abhijith Setty) enrolled in Section Id: 9
August 7, 2015, 4:24 pm 700621234(Praneeth Prasad) enrolled in Section Id: 9
August 7, 2015, 4:29 pm 700621234(Praneeth Prasad) dropped from Section Id: 9
August 7, 2015, 5:01 pm 700621234(Praneeth Prasad) enrolled in Section Id: 1
August 7, 2015, 5:01 pm 700621234(Praneeth Prasad) enrolled in Section Id: 4
August 7, 2015, 5:01 pm 700621234(Praneeth Prasad) dropped from Section Id: 4
August 8, 2015, 9:25 am 700626229(Abhijith Setty) dropped from Section Id: 4
August 8, 2015, 9:26 am 700626229(Abhijith Setty) enrolled in Section Id: 7
August 8, 2015, 9:27 am 700626229(Abhijith Setty) dropped from Section Id: 7
August 8, 2015, 9:27 am 700626229(Abhijith Setty) enrolled in Section Id: 5
August 8, 2015, 9:27 am 700626229(Abhijith Setty) dropped from Section Id: 5
August 8, 2015, 9:54 am 700626229(Abhijith Setty) enrolled in Section Id: 6
August 8, 2015, 10:27 am 700626229(Abhijith Setty) dropped from Section Id: 6
August 8, 2015, 2:13 pm 700626229(Abhijith Setty) enrolled in Section Id: 4
August 8, 2015, 5:17 pm 700626229(Abhijith Setty) enrolled in Section Id: 7
August 8, 2015, 5:18 pm 700621234(Praneeth Prasad) enrolled in Section Id: 1
August 8, 2015, 5:18 pm 700621234(Praneeth Prasad) enrolled in Section Id: 5
August 8, 2015, 5:18 pm 700621234(Praneeth Prasad) enrolled in Section Id: 8
August 9, 2015, 11:43 pm 700626229(Abhijith Setty) enrolled in Section Id: 1
August 9, 2015, 11:43 pm 700626229(Abhijith Setty) enrolled in Section Id: 4
August 10, 2015, 1:56 pm 700626229(Abhijith Setty) dropped from Section Id: 4
August 10, 2015, 1:56 pm 700626229(Abhijith Setty) enrolled in Section Id: 4
August 10, 2015, 6:37 pm 700626229(Abhijith Setty) dropped from Section Id: 4
August 10, 2015, 11:39 pm 700626229(Abhijith Setty) enrolled in Section Id: 4
August 10, 2015, 11:39 pm 700626229(Abhijith Setty) enrolled in Section Id: 7
August 12, 2015, 8:16 am 700626229(Abhijith Setty) dropped from Section Id: 4
August 12, 2015, 10:47 am 700999999(Your Name) enrolled in Section Id: 1
August 12, 2015, 10:47 am 700999999(Your Name) dropped from Section Id: 1
August 12, 2015, 2:02 pm 700999999(Your Name) enrolled in Section Id: 1
August 12, 2015, 2:02 pm 700999999(Your Name) dropped from Section Id: 1
August 12, 2015, 2:58 pm 700999999(Your Name) enrolled in Section Id: 1
August 12, 2015, 3:42 pm 700999999(Your Name) dropped from Section Id: 1
August 12, 2015, 3:42 pm 700999999(Your Name) enrolled in Section Id: 3
August 12, 2015, 8:32 pm 700642899(Sree Charan Nyayapati) enrolled in Section Id: 12
August 12, 2015, 8:32 pm 700640956(Nikhil Rayasam) enrolled in Section Id: 21
August 12, 2015, 8:33 pm 700641558(Kranthi Kumar Aileni) enrolled in Section Id: 21
August 12, 2015, 8:33 pm 700642899(Sree Charan Nyayapati) dropped from Section Id: 12
August 12, 2015, 8:33 pm 700641558(Kranthi Kumar Aileni) enrolled in Section Id: 9
August 12, 2015, 8:33 pm 700640956(Nikhil Rayasam) enrolled in Section Id: 9
August 12, 2015, 8:33 pm 700642899(Sree Charan Nyayapati) enrolled in Section Id: 13
August 12, 2015, 8:33 pm 700641558(Kranthi Kumar Aileni) enrolled in Section Id: 26
August 12, 2015, 8:33 pm 700642899(Sree Charan Nyayapati) enrolled in Section Id: 20
August 12, 2015, 8:33 pm 700640956(Nikhil Rayasam) enrolled in Section Id: 26
August 12, 2015, 8:33 pm 700642899(Sree Charan Nyayapati) enrolled in Section Id: 26
August 12, 2015, 8:34 pm 700641035(Satya Jagannadha Raju Dandu) enrolled in Section Id: 9
August 12, 2015, 8:34 pm 700641035(Satya Jagannadha Raju Dandu) enrolled in Section Id: 26
August 12, 2015, 8:34 pm 700641558(Kranthi Kumar Aileni) dropped from Section Id: 21
August 12, 2015, 8:34 pm 700641558(Kranthi Kumar Aileni) dropped from Section Id: 9
August 12, 2015, 8:34 pm 700641558(Kranthi Kumar Aileni) dropped from Section Id: 26
August 12, 2015, 8:35 pm 700641265(Shanmukha Priya Amaravathi) enrolled in Section Id: 9
August 12, 2015, 8:35 pm 700641035(Satya Jagannadha Raju Dandu) enrolled in Section Id: 20
August 12, 2015, 8:35 pm 700641265(Shanmukha Priya Amaravathi) enrolled in Section Id: 21
August 12, 2015, 8:35 pm 700641265(Shanmukha Priya Amaravathi) enrolled in Section Id: 26
August 12, 2015, 8:35 pm 700641382(Deepti Chilumuri) enrolled in Section Id: 9
August 12, 2015, 8:36 pm 700641306(Sridhar Adduri) enrolled in Section Id: 9
August 12, 2015, 8:36 pm 700641306(Sridhar Adduri) enrolled in Section Id: 21
August 12, 2015, 8:36 pm 700641382(Deepti Chilumuri) enrolled in Section Id: 26
August 12, 2015, 8:36 pm 700641306(Sridhar Adduri) enrolled in Section Id: 26
August 12, 2015, 8:36 pm 700641382(Deepti Chilumuri) enrolled in Section Id: 20
August 12, 2015, 8:37 pm 700641679(Prabhu Yellina) enrolled in Section Id: 9
August 12, 2015, 8:38 pm 700641679(Prabhu Yellina) enrolled in Section Id: 21
August 12, 2015, 8:38 pm 700641679(Prabhu Yellina) enrolled in Section Id: 26
August 12, 2015, 8:43 pm 700640052(Rachana Rao Jupally) enrolled in Section Id: 12
August 12, 2015, 8:44 pm 700640052(Rachana Rao Jupally) enrolled in Section Id: 19
August 12, 2015, 8:44 pm 700640052(Rachana Rao Jupally) enrolled in Section Id: 27
August 12, 2015, 8:45 pm 700639340(Ajay Kumar Vanga) enrolled in Section Id: 12
August 12, 2015, 8:46 pm 700639340(Ajay Kumar Vanga) enrolled in Section Id: 19
August 12, 2015, 8:46 pm 700639340(Ajay Kumar Vanga) enrolled in Section Id: 27
August 12, 2015, 8:49 pm 700641035(Satya Jagannadha Raju Dandu) dropped from Section Id: 9
August 12, 2015, 8:49 pm 700641382(Deepti Chilumuri) dropped from Section Id: 9
August 12, 2015, 8:49 pm 700641035(Satya Jagannadha Raju Dandu) enrolled in Section Id: 13
August 12, 2015, 8:49 pm 700641382(Deepti Chilumuri) enrolled in Section Id: 13
August 12, 2015, 8:49 pm 700641382(Deepti Chilumuri) dropped from Section Id: 13
August 12, 2015, 8:49 pm 700641382(Deepti Chilumuri) enrolled in Section Id: 13
August 12, 2015, 8:50 pm 700641072(Praveen Kumar Jakkula) enrolled in Section Id: 12
August 12, 2015, 8:50 pm 700641072(Praveen Kumar Jakkula) enrolled in Section Id: 19
August 12, 2015, 8:51 pm 700641072(Praveen Kumar Jakkula) enrolled in Section Id: 26
August 12, 2015, 8:54 pm 700640705(Ramakrishna Kalluri) enrolled in Section Id: 1
August 12, 2015, 8:55 pm 700640705(Ramakrishna Kalluri) enrolled in Section Id: 16
August 12, 2015, 8:56 pm 700640705(Ramakrishna Kalluri) enrolled in Section Id: 5
August 12, 2015, 8:57 pm 700640960(Asha Latha Kukkala) enrolled in Section Id: 8
August 12, 2015, 8:57 pm 700640960(Asha Latha Kukkala) dropped from Section Id: 8
August 12, 2015, 8:57 pm 700640960(Asha Latha Kukkala) enrolled in Section Id: 9
August 12, 2015, 8:58 pm 700638114(Chandra Babu Jonnakuti) enrolled in Section Id: 10
August 12, 2015, 8:59 pm 700640010(Nitin Kumar Purshotham) enrolled in Section Id: 10
August 12, 2015, 8:59 pm 700640960(Asha Latha Kukkala) enrolled in Section Id: 20
August 12, 2015, 9:02 pm 700640010(Nitin Kumar Purshotham) enrolled in Section Id: 5
August 12, 2015, 9:02 pm 700638114(Chandra Babu Jonnakuti) enrolled in Section Id: 3
August 12, 2015, 9:04 pm 700638405(Mohan Phaneindranath Edala) enrolled in Section Id: 12
August 12, 2015, 9:04 pm 700638114(Chandra Babu Jonnakuti) enrolled in Section Id: 23
August 12, 2015, 9:04 pm 700638405(Mohan Phaneindranath Edala) enrolled in Section Id: 19
August 12, 2015, 9:04 pm 700639715(Hemanth Venkata Krishna Tejaswy Yarramalli) enrolled in Section Id: 9
August 12, 2015, 9:04 pm 700640639(Ramya Reddy Vusike) enrolled in Section Id: 9
August 12, 2015, 9:05 pm 700640639(Ramya Reddy Vusike) enrolled in Section Id: 20
August 12, 2015, 9:05 pm 700640639(Ramya Reddy Vusike) enrolled in Section Id: 26
August 12, 2015, 9:05 pm 700641311(Naga Manvitha Chelikam) enrolled in Section Id: 23
August 12, 2015, 9:05 pm 700638405(Mohan Phaneindranath Edala) dropped from Section Id: 19
August 12, 2015, 9:05 pm 700640010(Nitin Kumar Purshotham) dropped from Section Id: 5
August 12, 2015, 9:06 pm 700640010(Nitin Kumar Purshotham) enrolled in Section Id: 17
August 12, 2015, 9:06 pm 700640010(Nitin Kumar Purshotham) enrolled in Section Id: 4
August 12, 2015, 9:06 pm 700640639(Ramya Reddy Vusike) dropped from Section Id: 9
August 12, 2015, 9:06 pm 700640010(Nitin Kumar Purshotham) dropped from Section Id: 17
August 12, 2015, 9:06 pm 700640010(Nitin Kumar Purshotham) dropped from Section Id: 4
August 12, 2015, 9:06 pm 700638405(Mohan Phaneindranath Edala) enrolled in Section Id: 21
August 12, 2015, 9:06 pm 700640639(Ramya Reddy Vusike) enrolled in Section Id: 9
August 12, 2015, 9:06 pm 700640010(Nitin Kumar Purshotham) enrolled in Section Id: 4
August 12, 2015, 9:06 pm 700641311(Naga Manvitha Chelikam) enrolled in Section Id: 6
August 12, 2015, 9:07 pm 700638405(Mohan Phaneindranath Edala) enrolled in Section Id: 25
August 12, 2015, 9:07 pm 700641311(Naga Manvitha Chelikam) enrolled in Section Id: 10
August 12, 2015, 9:07 pm 700640010(Nitin Kumar Purshotham) dropped from Section Id: 4
August 12, 2015, 9:08 pm 700640010(Nitin Kumar Purshotham) enrolled in Section Id: 23
August 12, 2015, 9:08 pm 700640010(Nitin Kumar Purshotham) enrolled in Section Id: 7
August 12, 2015, 9:10 pm 700640705(Ramakrishna Kalluri) enrolled in Section Id: 27
August 12, 2015, 9:10 pm 700640705(Ramakrishna Kalluri) dropped from Section Id: 5
August 12, 2015, 9:11 pm 700638825(Chidrupi Dandyala) enrolled in Section Id: 21
August 12, 2015, 9:11 pm 700638825(Chidrupi Dandyala) enrolled in Section Id: 25
August 12, 2015, 9:11 pm 700640960(Asha Latha Kukkala) enrolled in Section Id: 26
August 12, 2015, 9:12 pm 700638825(Chidrupi Dandyala) enrolled in Section Id: 10
August 12, 2015, 9:13 pm 700638405(Mohan Phaneindranath Edala) dropped from Section Id: 12
August 12, 2015, 9:13 pm 700641444(Sasikanth Koppisetti) enrolled in Section Id: 23
August 12, 2015, 9:13 pm 700641444(Sasikanth Koppisetti) enrolled in Section Id: 15
August 12, 2015, 9:14 pm 700639715(Hemanth Venkata Krishna Tejaswy Yarramalli) enrolled in Section Id: 20
August 12, 2015, 9:14 pm 700638405(Mohan Phaneindranath Edala) enrolled in Section Id: 10
August 12, 2015, 9:14 pm 700640354(Mounika Devi Vegiraju) enrolled in Section Id: 26
August 12, 2015, 9:14 pm 700640517(Vamshi Krishna Takallapally) enrolled in Section Id: 21
August 12, 2015, 9:14 pm 700640354(Mounika Devi Vegiraju) enrolled in Section Id: 10
August 12, 2015, 9:15 pm 700641444(Sasikanth Koppisetti) enrolled in Section Id: 38
August 12, 2015, 9:15 pm 700640354(Mounika Devi Vegiraju) enrolled in Section Id: 19
August 12, 2015, 9:15 pm 700639715(Hemanth Venkata Krishna Tejaswy Yarramalli) dropped from Section Id: 20
August 12, 2015, 9:15 pm 700640517(Vamshi Krishna Takallapally) enrolled in Section Id: 12
August 12, 2015, 9:15 pm 700639715(Hemanth Venkata Krishna Tejaswy Yarramalli) enrolled in Section Id: 20
August 12, 2015, 9:16 pm 700640705(Ramakrishna Kalluri) dropped from Section Id: 16
August 12, 2015, 9:16 pm 700640704(Lakshmi Kishore Kosaraju) enrolled in Section Id: 6
August 12, 2015, 9:16 pm 700638595(Sai Bhargav Pothuguntla) enrolled in Section Id: 11
August 12, 2015, 9:16 pm 700640704(Lakshmi Kishore Kosaraju) enrolled in Section Id: 10
August 12, 2015, 9:16 pm 700638819(Sandharsh Nallamothu) enrolled in Section Id: 10
August 12, 2015, 9:17 pm 700638616(Akhil Kallu) enrolled in Section Id: 16
August 12, 2015, 9:17 pm 700640705(Ramakrishna Kalluri) enrolled in Section Id: 18
August 12, 2015, 9:17 pm 700640704(Lakshmi Kishore Kosaraju) enrolled in Section Id: 16
August 12, 2015, 9:17 pm 700638819(Sandharsh Nallamothu) enrolled in Section Id: 6
August 12, 2015, 9:17 pm 700638819(Sandharsh Nallamothu) enrolled in Section Id: 16
August 12, 2015, 9:17 pm 700638616(Akhil Kallu) enrolled in Section Id: 10
August 12, 2015, 9:18 pm 700638616(Akhil Kallu) enrolled in Section Id: 27
August 12, 2015, 9:18 pm 700638538(Priyusha Madem) enrolled in Section Id: 21
August 12, 2015, 9:18 pm 700638595(Sai Bhargav Pothuguntla) enrolled in Section Id: 6
August 12, 2015, 9:18 pm 700638538(Priyusha Madem) enrolled in Section Id: 10
August 12, 2015, 9:18 pm 700639984(Shruthi Konakati) enrolled in Section Id: 21
August 12, 2015, 9:19 pm 700639715(Hemanth Venkata Krishna Tejaswy Yarramalli) enrolled in Section Id: 4
August 12, 2015, 9:19 pm 700639715(Hemanth Venkata Krishna Tejaswy Yarramalli) dropped from Section Id: 4
August 12, 2015, 9:19 pm 700638538(Priyusha Madem) enrolled in Section Id: 3
August 12, 2015, 9:20 pm 700638595(Sai Bhargav Pothuguntla) enrolled in Section Id: 21
August 12, 2015, 9:20 pm 700639706(Manasa Vallabhaneni) enrolled in Section Id: 10
August 12, 2015, 9:20 pm 700640960(Asha Latha Kukkala) enrolled in Section Id: 40
August 12, 2015, 9:20 pm 700642288(Madhan Kumar Boya) enrolled in Section Id: 6
August 12, 2015, 9:20 pm 700639706(Manasa Vallabhaneni) enrolled in Section Id: 23
August 12, 2015, 9:20 pm 700642288(Madhan Kumar Boya) enrolled in Section Id: 10
August 12, 2015, 9:20 pm 700639706(Manasa Vallabhaneni) enrolled in Section Id: 6
August 12, 2015, 9:21 pm 700642288(Madhan Kumar Boya) enrolled in Section Id: 16
August 12, 2015, 9:21 pm 700639984(Shruthi Konakati) enrolled in Section Id: 10
August 12, 2015, 9:21 pm 700638405(Mohan Phaneindranath Edala) dropped from Section Id: 21
August 12, 2015, 9:21 pm 700640517(Vamshi Krishna Takallapally) enrolled in Section Id: 26
August 12, 2015, 9:21 pm 700638508(Kranthi Kiran Dannamaneni) enrolled in Section Id: 19
August 12, 2015, 9:22 pm 700638508(Kranthi Kiran Dannamaneni) enrolled in Section Id: 10
August 12, 2015, 9:22 pm 700638508(Kranthi Kiran Dannamaneni) enrolled in Section Id: 26
August 12, 2015, 9:22 pm 700638405(Mohan Phaneindranath Edala) enrolled in Section Id: 21
August 12, 2015, 9:22 pm 700639715(Hemanth Venkata Krishna Tejaswy Yarramalli) dropped from Section Id: 9
August 12, 2015, 9:23 pm 700639715(Hemanth Venkata Krishna Tejaswy Yarramalli) enrolled in Section Id: 6
August 12, 2015, 9:23 pm 700640357(Chiranjeevi Srikar Jagu) enrolled in Section Id: 10
August 12, 2015, 9:23 pm 700638532(Kranthi Shishupth Ghanta) enrolled in Section Id: 21
August 12, 2015, 9:24 pm 700640524(Kartheek Mummareddy) enrolled in Section Id: 2
August 12, 2015, 9:24 pm 700640324(Veera Venkata Anudeep Akey) enrolled in Section Id: 15
August 12, 2015, 9:24 pm 700638532(Kranthi Shishupth Ghanta) enrolled in Section Id: 15
August 12, 2015, 9:24 pm 700640324(Veera Venkata Anudeep Akey) enrolled in Section Id: 23
August 12, 2015, 9:24 pm 700639715(Hemanth Venkata Krishna Tejaswy Yarramalli) enrolled in Section Id: 10
August 12, 2015, 9:24 pm 700640324(Veera Venkata Anudeep Akey) enrolled in Section Id: 38
August 12, 2015, 9:24 pm 700640524(Kartheek Mummareddy) enrolled in Section Id: 9
August 12, 2015, 9:24 pm 700640357(Chiranjeevi Srikar Jagu) enrolled in Section Id: 21
August 12, 2015, 9:25 pm 700640524(Kartheek Mummareddy) enrolled in Section Id: 23
August 12, 2015, 9:25 pm 700638532(Kranthi Shishupth Ghanta) enrolled in Section Id: 6
August 12, 2015, 9:26 pm 700638595(Sai Bhargav Pothuguntla) dropped from Section Id: 6
August 12, 2015, 9:26 pm 700633392(Lipi Reddy Gaddam) enrolled in Section Id: 10
August 12, 2015, 9:26 pm 700633392(Lipi Reddy Gaddam) enrolled in Section Id: 21
August 12, 2015, 9:26 pm 700639984(Shruthi Konakati) enrolled in Section Id: 25
August 12, 2015, 9:26 pm 700633392(Lipi Reddy Gaddam) enrolled in Section Id: 28
August 12, 2015, 9:27 pm 700639984(Shruthi Konakati) dropped from Section Id: 25
August 12, 2015, 9:27 pm 700639984(Shruthi Konakati) enrolled in Section Id: 28
August 12, 2015, 9:28 pm 700639984(Shruthi Konakati) dropped from Section Id: 28
August 12, 2015, 9:28 pm 700639984(Shruthi Konakati) enrolled in Section Id: 3
August 12, 2015, 9:28 pm 700640337(Venkat Sai Vamsee Cheruvella) enrolled in Section Id: 10
August 12, 2015, 9:29 pm 700640337(Venkat Sai Vamsee Cheruvella) enrolled in Section Id: 21
August 12, 2015, 9:29 pm 700639455(Yogendra Deshmukh) enrolled in Section Id: 10
August 12, 2015, 9:29 pm 700640337(Venkat Sai Vamsee Cheruvella) enrolled in Section Id: 25
August 12, 2015, 9:29 pm 700638595(Sai Bhargav Pothuguntla) enrolled in Section Id: 28
August 12, 2015, 9:29 pm 700639455(Yogendra Deshmukh) enrolled in Section Id: 6
August 12, 2015, 9:30 pm 700638595(Sai Bhargav Pothuguntla) dropped from Section Id: 11
August 12, 2015, 9:30 pm 700638651(Madan Mohan Mishra) enrolled in Section Id: 6
August 12, 2015, 9:30 pm 700638595(Sai Bhargav Pothuguntla) dropped from Section Id: 21
August 12, 2015, 9:31 pm 700639715(Hemanth Venkata Krishna Tejaswy Yarramalli) enrolled in Section Id: 28
August 12, 2015, 9:31 pm 700642625(Sandeep Grandhi) enrolled in Section Id: 23
August 12, 2015, 9:31 pm 700640300(Sateesh Kumar Nallamala) enrolled in Section Id: 10
August 12, 2015, 9:31 pm 700638651(Madan Mohan Mishra) enrolled in Section Id: 23
August 12, 2015, 9:31 pm 700639455(Yogendra Deshmukh) enrolled in Section Id: 21
August 12, 2015, 9:31 pm 700640300(Sateesh Kumar Nallamala) enrolled in Section Id: 21
August 12, 2015, 9:31 pm 700639715(Hemanth Venkata Krishna Tejaswy Yarramalli) dropped from Section Id: 6
August 12, 2015, 9:31 pm 700636253(Neelima Sandhireddy) enrolled in Section Id: 10
August 12, 2015, 9:32 pm 700636253(Neelima Sandhireddy) enrolled in Section Id: 21
August 12, 2015, 9:32 pm 700638651(Madan Mohan Mishra) enrolled in Section Id: 10
August 12, 2015, 9:32 pm 700639706(Manasa Vallabhaneni) dropped from Section Id: 6
August 12, 2015, 9:32 pm 700638595(Sai Bhargav Pothuguntla) enrolled in Section Id: 15
August 12, 2015, 9:32 pm 700638595(Sai Bhargav Pothuguntla) enrolled in Section Id: 21
August 12, 2015, 9:33 pm 700639455(Yogendra Deshmukh) dropped from Section Id: 21
August 12, 2015, 9:33 pm 700639455(Yogendra Deshmukh) enrolled in Section Id: 23
August 12, 2015, 9:33 pm 700639706(Manasa Vallabhaneni) dropped from Section Id: 23
August 12, 2015, 9:34 pm 700640300(Sateesh Kumar Nallamala) dropped from Section Id: 10
August 12, 2015, 9:34 pm 700642625(Sandeep Grandhi) enrolled in Section Id: 15
August 12, 2015, 9:34 pm 700639455(Yogendra Deshmukh) dropped from Section Id: 23
August 12, 2015, 9:34 pm 700636253(Neelima Sandhireddy) enrolled in Section Id: 25
August 12, 2015, 9:34 pm 700642625(Sandeep Grandhi) enrolled in Section Id: 25
August 12, 2015, 9:34 pm 700639455(Yogendra Deshmukh) enrolled in Section Id: 23
August 12, 2015, 9:34 pm 700640300(Sateesh Kumar Nallamala) enrolled in Section Id: 10
August 12, 2015, 9:35 pm 700638595(Sai Bhargav Pothuguntla) dropped from Section Id: 21
August 12, 2015, 9:35 pm 700640300(Sateesh Kumar Nallamala) enrolled in Section Id: 6
August 12, 2015, 9:36 pm 700638595(Sai Bhargav Pothuguntla) enrolled in Section Id: 21
August 12, 2015, 9:36 pm 700638568(Pooja Yeruva) enrolled in Section Id: 16
August 12, 2015, 9:36 pm 700638568(Pooja Yeruva) enrolled in Section Id: 8
August 12, 2015, 9:36 pm 700638595(Sai Bhargav Pothuguntla) dropped from Section Id: 15
August 12, 2015, 9:36 pm 700638595(Sai Bhargav Pothuguntla) enrolled in Section Id: 15
August 12, 2015, 9:38 pm 700639950(Karthik Varma Pakalapati) enrolled in Section Id: 15
August 12, 2015, 9:38 pm 700639950(Karthik Varma Pakalapati) enrolled in Section Id: 23
August 12, 2015, 9:39 pm 700639706(Manasa Vallabhaneni) enrolled in Section Id: 23
August 12, 2015, 9:39 pm 700639950(Karthik Varma Pakalapati) enrolled in Section Id: 25
August 12, 2015, 9:39 pm 700640640(Jaya Chandra Vytla) enrolled in Section Id: 10
August 12, 2015, 9:39 pm 700638568(Pooja Yeruva) enrolled in Section Id: 28
August 12, 2015, 9:40 pm 700638568(Pooja Yeruva) dropped from Section Id: 28
August 12, 2015, 9:40 pm 700638568(Pooja Yeruva) enrolled in Section Id: 28
August 12, 2015, 9:40 pm 700640640(Jaya Chandra Vytla) enrolled in Section Id: 23
August 12, 2015, 9:40 pm 700640864(Uma Maheswara Reddy Devireddy) enrolled in Section Id: 10
August 12, 2015, 9:41 pm 700640640(Jaya Chandra Vytla) enrolled in Section Id: 28
August 12, 2015, 9:41 pm 700640864(Uma Maheswara Reddy Devireddy) enrolled in Section Id: 23
August 12, 2015, 9:41 pm 700639706(Manasa Vallabhaneni) dropped from Section Id: 10
August 12, 2015, 9:41 pm 700642463(Rama Sudharsan Reddy Duggireddy Ramireddy) enrolled in Section Id: 10
August 12, 2015, 9:41 pm 700640864(Uma Maheswara Reddy Devireddy) enrolled in Section Id: 3
August 12, 2015, 9:41 pm 700638568(Pooja Yeruva) dropped from Section Id: 28
August 12, 2015, 9:41 pm 700639706(Manasa Vallabhaneni) enrolled in Section Id: 10
August 12, 2015, 9:41 pm 700638568(Pooja Yeruva) enrolled in Section Id: 6
August 12, 2015, 9:42 pm 700642463(Rama Sudharsan Reddy Duggireddy Ramireddy) enrolled in Section Id: 21
August 12, 2015, 9:42 pm 700640952(Divya Tedla) enrolled in Section Id: 10
August 12, 2015, 9:43 pm 700640952(Divya Tedla) enrolled in Section Id: 21
August 12, 2015, 9:43 pm 700640952(Divya Tedla) enrolled in Section Id: 25
August 12, 2015, 9:44 pm 700642463(Rama Sudharsan Reddy Duggireddy Ramireddy) dropped from Section Id: 10
August 12, 2015, 9:44 pm 700642463(Rama Sudharsan Reddy Duggireddy Ramireddy) enrolled in Section Id: 10
August 12, 2015, 9:44 pm 700635213(Nikhil Gorantla) enrolled in Section Id: 10
August 12, 2015, 9:45 pm 700635213(Nikhil Gorantla) enrolled in Section Id: 23
August 12, 2015, 9:45 pm 700639366(Saroj Poudel) enrolled in Section Id: 25
August 12, 2015, 9:45 pm 700642463(Rama Sudharsan Reddy Duggireddy Ramireddy) enrolled in Section Id: 3
August 12, 2015, 9:45 pm 700635213(Nikhil Gorantla) enrolled in Section Id: 6
August 12, 2015, 9:45 pm 700640685(Sumit Shrestha) enrolled in Section Id: 25
August 12, 2015, 9:46 pm 700639366(Saroj Poudel) enrolled in Section Id: 23
August 12, 2015, 9:47 pm 700640685(Sumit Shrestha) enrolled in Section Id: 23
August 12, 2015, 9:47 pm 700624603(Aditya Korremula) enrolled in Section Id: 15
August 12, 2015, 9:47 pm 700640685(Sumit Shrestha) enrolled in Section Id: 10
August 12, 2015, 9:48 pm 700639366(Saroj Poudel) enrolled in Section Id: 10
August 12, 2015, 9:48 pm 700624603(Aditya Korremula) enrolled in Section Id: 23
August 12, 2015, 9:48 pm 700624603(Aditya Korremula) enrolled in Section Id: 2
August 12, 2015, 9:48 pm 700639980(Shiva Adhikari) enrolled in Section Id: 10
August 12, 2015, 9:48 pm 700639706(Manasa Vallabhaneni) enrolled in Section Id: 7
August 12, 2015, 9:48 pm 700639980(Shiva Adhikari) enrolled in Section Id: 23
August 12, 2015, 9:49 pm 700641091(Eak Narayan Paudel) enrolled in Section Id: 23
August 12, 2015, 9:49 pm 700641305(Siva Sandeep Kamuju) enrolled in Section Id: 15
August 12, 2015, 9:49 pm 700641305(Siva Sandeep Kamuju) enrolled in Section Id: 23
August 12, 2015, 9:49 pm 700639907(Greeshma Reddy Gaddam) enrolled in Section Id: 4
August 12, 2015, 9:49 pm 700639980(Shiva Adhikari) enrolled in Section Id: 25
August 12, 2015, 9:49 pm 700639907(Greeshma Reddy Gaddam) enrolled in Section Id: 15
August 12, 2015, 9:49 pm 700641305(Siva Sandeep Kamuju) enrolled in Section Id: 38
August 12, 2015, 9:49 pm 700641091(Eak Narayan Paudel) enrolled in Section Id: 10
August 12, 2015, 9:50 pm 700639907(Greeshma Reddy Gaddam) enrolled in Section Id: 21
August 12, 2015, 9:50 pm 700639907(Greeshma Reddy Gaddam) dropped from Section Id: 21
August 12, 2015, 9:50 pm 700641091(Eak Narayan Paudel) enrolled in Section Id: 25
August 12, 2015, 9:52 pm 700639907(Greeshma Reddy Gaddam) enrolled in Section Id: 16
August 12, 2015, 9:52 pm 700638616(Akhil Kallu) dropped from Section Id: 16
August 12, 2015, 9:52 pm 700638616(Akhil Kallu) enrolled in Section Id: 21
August 12, 2015, 9:53 pm 700640417(Reddy Parthiv Rasineni) enrolled in Section Id: 23
August 12, 2015, 9:53 pm 700638460(Samraj Karki) enrolled in Section Id: 10
August 12, 2015, 9:54 pm 700639706(Manasa Vallabhaneni) dropped from Section Id: 10
August 12, 2015, 9:54 pm 700638460(Samraj Karki) enrolled in Section Id: 23
August 12, 2015, 9:54 pm 700640417(Reddy Parthiv Rasineni) enrolled in Section Id: 25
August 12, 2015, 9:54 pm 700638460(Samraj Karki) enrolled in Section Id: 25
August 12, 2015, 9:54 pm 700640417(Reddy Parthiv Rasineni) enrolled in Section Id: 10
August 12, 2015, 9:54 pm 700638307(Venkata Jagadeesh Reddy Kopparthi) enrolled in Section Id: 3
August 12, 2015, 9:54 pm 700638307(Venkata Jagadeesh Reddy Kopparthi) enrolled in Section Id: 10
August 12, 2015, 9:55 pm 700639706(Manasa Vallabhaneni) enrolled in Section Id: 15
August 12, 2015, 9:55 pm 700638307(Venkata Jagadeesh Reddy Kopparthi) enrolled in Section Id: 23
August 12, 2015, 9:55 pm 700639706(Manasa Vallabhaneni) dropped from Section Id: 7
August 12, 2015, 9:58 pm 700640952(Divya Tedla) dropped from Section Id: 21
August 12, 2015, 9:59 pm 700640952(Divya Tedla) enrolled in Section Id: 23
August 12, 2015, 10:00 pm 700639389(Asmita Phuyal) enrolled in Section Id: 38
August 12, 2015, 10:00 pm 700639389(Asmita Phuyal) enrolled in Section Id: 36
August 12, 2015, 10:00 pm 700595850(Bharath Kumar Annamaneni) enrolled in Section Id: 10
August 12, 2015, 10:00 pm 700595850(Bharath Kumar Annamaneni) enrolled in Section Id: 21
August 12, 2015, 10:03 pm 700595850(Bharath Kumar Annamaneni) enrolled in Section Id: 25
August 12, 2015, 10:06 pm 700640952(Divya Tedla) enrolled in Section Id: 3
August 12, 2015, 10:06 pm 700640952(Divya Tedla) dropped from Section Id: 25
August 12, 2015, 10:12 pm 700639706(Manasa Vallabhaneni) enrolled in Section Id: 7
August 12, 2015, 10:15 pm 700639202(Bharath Kumar Thupili) enrolled in Section Id: 15
August 12, 2015, 10:15 pm 700639202(Bharath Kumar Thupili) enrolled in Section Id: 16
August 12, 2015, 10:16 pm 700639202(Bharath Kumar Thupili) enrolled in Section Id: 4
August 12, 2015, 10:20 pm 700638523(Samrat Potnuru) enrolled in Section Id: 4
August 12, 2015, 10:20 pm 700638523(Samrat Potnuru) enrolled in Section Id: 15
August 12, 2015, 10:20 pm 700638523(Samrat Potnuru) enrolled in Section Id: 16
August 12, 2015, 10:26 pm 700635137(Srinidhi Vadigepalli) enrolled in Section Id: 4
August 12, 2015, 10:26 pm 700635137(Srinidhi Vadigepalli) enrolled in Section Id: 15
August 12, 2015, 10:26 pm 700635137(Srinidhi Vadigepalli) enrolled in Section Id: 16
August 12, 2015, 10:27 pm 700638326(Senthil Kumar Murugesan) enrolled in Section Id: 3
August 12, 2015, 10:36 pm 700638326(Senthil Kumar Murugesan) enrolled in Section Id: 23
August 12, 2015, 10:37 pm 700641779(Venkat Guntaka) enrolled in Section Id: 10
August 12, 2015, 10:37 pm 700638326(Senthil Kumar Murugesan) enrolled in Section Id: 11
August 12, 2015, 10:38 pm 700641779(Venkat Guntaka) enrolled in Section Id: 21
August 12, 2015, 10:38 pm 700641779(Venkat Guntaka) enrolled in Section Id: 4
August 12, 2015, 10:39 pm 700638326(Senthil Kumar Murugesan) dropped from Section Id: 23
August 12, 2015, 10:39 pm 700638326(Senthil Kumar Murugesan) enrolled in Section Id: 23
August 12, 2015, 10:45 pm 700636011(Kartheek Nagulapati) enrolled in Section Id: 10
August 12, 2015, 10:45 pm 700636011(Kartheek Nagulapati) enrolled in Section Id: 21
August 12, 2015, 10:45 pm 700636011(Kartheek Nagulapati) enrolled in Section Id: 4
August 12, 2015, 11:28 pm 700636229(Shiva Shankar Gouru) enrolled in Section Id: 10
August 12, 2015, 11:28 pm 700640330(Surya Keerthi Pemmaraju) enrolled in Section Id: 11
August 12, 2015, 11:29 pm 700640330(Surya Keerthi Pemmaraju) enrolled in Section Id: 4
August 12, 2015, 11:29 pm 700640330(Surya Keerthi Pemmaraju) dropped from Section Id: 11
August 12, 2015, 11:30 pm 700636229(Shiva Shankar Gouru) enrolled in Section Id: 6
August 12, 2015, 11:30 pm 700640330(Surya Keerthi Pemmaraju) dropped from Section Id: 4
August 12, 2015, 11:31 pm 700636229(Shiva Shankar Gouru) enrolled in Section Id: 18
August 12, 2015, 11:32 pm 700640330(Surya Keerthi Pemmaraju) enrolled in Section Id: 25
August 12, 2015, 11:48 pm 700639698(Pavan Kumar Patlolla) enrolled in Section Id: 6
August 12, 2015, 11:50 pm 700639698(Pavan Kumar Patlolla) enrolled in Section Id: 8
August 12, 2015, 11:50 pm 700639698(Pavan Kumar Patlolla) enrolled in Section Id: 18
August 12, 2015, 11:57 pm 700640679(Venkata Pradeep Tumuluri) enrolled in Section Id: 2
August 12, 2015, 11:57 pm 700640679(Venkata Pradeep Tumuluri) enrolled in Section Id: 8
August 12, 2015, 11:59 pm 700640679(Venkata Pradeep Tumuluri) enrolled in Section Id: 18
